# JRE version: Java(TM) SE Runtime Environment (8.0_92-b14) (build 1.8.0_92-b14)
# Java VM: Java HotSpot(TM) 64-Bit Server VM (25.92-b14 mixed mode windows-amd64 compressed oops)
Heap:
 PSYoungGen      total 145920K, used 16518K [0x00000000eab00000, 0x00000000f7a80000, 0x0000000100000000)
  eden space 111104K, 0% used [0x00000000eab00000,0x00000000eab00000,0x00000000f1780000)
  from space 34816K, 47% used [0x00000000f1780000,0x00000000f27a1a50,0x00000000f3980000)
  to   space 33792K, 0% used [0x00000000f5980000,0x00000000f5980000,0x00000000f7a80000)
 ParOldGen       total 82944K, used 62242K [0x00000000c0000000, 0x00000000c5100000, 0x00000000eab00000)
  object space 82944K, 75% used [0x00000000c0000000,0x00000000c3cc8b98,0x00000000c5100000)
 Metaspace       used 6934K, capacity 7544K, committed 7680K, reserved 1060864K
  class space    used 645K, capacity 688K, committed 768K, reserved 1048576K
GC Heap History (10 events):
Event: 9.154 GC heap after
Heap after GC invocations=6 (full 0):
 PSYoungGen      total 143360K, used 13642K [0x00000000eab00000, 0x00000000f4d00000, 0x0000000100000000)
  eden space 128512K, 0% used [0x00000000eab00000,0x00000000eab00000,0x00000000f2880000)
  from space 14848K, 91% used [0x00000000f3980000,0x00000000f46d2970,0x00000000f4800000)
  to   space 17408K, 0% used [0x00000000f2880000,0x00000000f2880000,0x00000000f3980000)
 ParOldGen       total 44032K, used 22561K [0x00000000c0000000, 0x00000000c2b00000, 0x00000000eab00000)
  object space 44032K, 51% used [0x00000000c0000000,0x00000000c16086c8,0x00000000c2b00000)
 Metaspace       used 6448K, capacity 7220K, committed 7296K, reserved 1056768K
  class space    used 607K, capacity 620K, committed 640K, reserved 1048576K
}
Event: 11.196 GC heap before
{Heap before GC invocations=7 (full 0):
 PSYoungGen      total 143360K, used 142154K [0x00000000eab00000, 0x00000000f4d00000, 0x0000000100000000)
  eden space 128512K, 100% used [0x00000000eab00000,0x00000000f2880000,0x00000000f2880000)
  from space 14848K, 91% used [0x00000000f3980000,0x00000000f46d2970,0x00000000f4800000)
  to   space 17408K, 0% used [0x00000000f2880000,0x00000000f2880000,0x00000000f3980000)
 ParOldGen       total 44032K, used 22561K [0x00000000c0000000, 0x00000000c2b00000, 0x00000000eab00000)
  object space 44032K, 51% used [0x00000000c0000000,0x00000000c16086c8,0x00000000c2b00000)
 Metaspace       used 6575K, capacity 7256K, committed 7424K, reserved 1056768K
  class space    used 627K, capacity 656K, committed 768K, reserved 1048576K
Event: 11.312 GC heap after
Heap after GC invocations=7 (full 0):
 PSYoungGen      total 145920K, used 17388K [0x00000000eab00000, 0x00000000f4d00000, 0x0000000100000000)
  eden space 128512K, 0% used [0x00000000eab00000,0x00000000eab00000,0x00000000f2880000)
  from space 17408K, 99% used [0x00000000f2880000,0x00000000f397b0a8,0x00000000f3980000)
  to   space 14848K, 0% used [0x00000000f3980000,0x00000000f3980000,0x00000000f4800000)
 ParOldGen       total 44032K, used 38756K [0x00000000c0000000, 0x00000000c2b00000, 0x00000000eab00000)
  object space 44032K, 88% used [0x00000000c0000000,0x00000000c25d90b0,0x00000000c2b00000)
 Metaspace       used 6575K, capacity 7256K, committed 7424K, reserved 1056768K
  class space    used 627K, capacity 656K, committed 768K, reserved 1048576K
}
Event: 11.312 GC heap before
{Heap before GC invocations=8 (full 1):
 PSYoungGen      total 145920K, used 17388K [0x00000000eab00000, 0x00000000f4d00000, 0x0000000100000000)
  eden space 128512K, 0% used [0x00000000eab00000,0x00000000eab00000,0x00000000f2880000)
  from space 17408K, 99% used [0x00000000f2880000,0x00000000f397b0a8,0x00000000f3980000)
  to   space 14848K, 0% used [0x00000000f3980000,0x00000000f3980000,0x00000000f4800000)
 ParOldGen       total 44032K, used 38756K [0x00000000c0000000, 0x00000000c2b00000, 0x00000000eab00000)
  object space 44032K, 88% used [0x00000000c0000000,0x00000000c25d90b0,0x00000000c2b00000)
 Metaspace       used 6575K, capacity 7256K, committed 7424K, reserved 1056768K
  class space    used 627K, capacity 656K, committed 768K, reserved 1048576K
Event: 12.474 GC heap after
Heap after GC invocations=8 (full 1):
 PSYoungGen      total 145920K, used 10200K [0x00000000eab00000, 0x00000000f4d00000, 0x0000000100000000)
  eden space 128512K, 0% used [0x00000000eab00000,0x00000000eab00000,0x00000000f2880000)
  from space 17408K, 58% used [0x00000000f2880000,0x00000000f32763c8,0x00000000f3980000)
  to   space 14848K, 0% used [0x00000000f3980000,0x00000000f3980000,0x00000000f4800000)
 ParOldGen       total 82944K, used 43995K [0x00000000c0000000, 0x00000000c5100000, 0x00000000eab00000)
  object space 82944K, 53% used [0x00000000c0000000,0x00000000c2af6c48,0x00000000c5100000)
 Metaspace       used 6575K, capacity 7256K, committed 7424K, reserved 1056768K
  class space    used 627K, capacity 656K, committed 768K, reserved 1048576K
}
Event: 12.740 GC heap before
{Heap before GC invocations=9 (full 1):
 PSYoungGen      total 145920K, used 138712K [0x00000000eab00000, 0x00000000f4d00000, 0x0000000100000000)
  eden space 128512K, 100% used [0x00000000eab00000,0x00000000f2880000,0x00000000f2880000)
  from space 17408K, 58% used [0x00000000f2880000,0x00000000f32763c8,0x00000000f3980000)
  to   space 14848K, 0% used [0x00000000f3980000,0x00000000f3980000,0x00000000f4800000)
 ParOldGen       total 82944K, used 43995K [0x00000000c0000000, 0x00000000c5100000, 0x00000000eab00000)
  object space 82944K, 53% used [0x00000000c0000000,0x00000000c2af6c48,0x00000000c5100000)
 Metaspace       used 6587K, capacity 7256K, committed 7424K, reserved 1056768K
  class space    used 627K, capacity 656K, committed 768K, reserved 1048576K
Event: 12.810 GC heap after
Heap after GC invocations=9 (full 1):
 PSYoungGen      total 125952K, used 14817K [0x00000000eab00000, 0x00000000fb200000, 0x0000000100000000)
  eden space 111104K, 0% used [0x00000000eab00000,0x00000000eab00000,0x00000000f1780000)
  from space 14848K, 99% used [0x00000000f3980000,0x00000000f47f8630,0x00000000f4800000)
  to   space 34816K, 0% used [0x00000000f1780000,0x00000000f1780000,0x00000000f3980000)
 ParOldGen       total 82944K, used 58810K [0x00000000c0000000, 0x00000000c5100000, 0x00000000eab00000)
  object space 82944K, 70% used [0x00000000c0000000,0x00000000c396eb98,0x00000000c5100000)
 Metaspace       used 6587K, capacity 7256K, committed 7424K, reserved 1056768K
  class space    used 627K, capacity 656K, committed 768K, reserved 1048576K
}
Event: 13.890 GC heap before
{Heap before GC invocations=10 (full 1):
 PSYoungGen      total 125952K, used 84179K [0x00000000eab00000, 0x00000000fb200000, 0x0000000100000000)
  eden space 111104K, 62% used [0x00000000eab00000,0x00000000eeebc7a0,0x00000000f1780000)
  from space 14848K, 99% used [0x00000000f3980000,0x00000000f47f8630,0x00000000f4800000)
  to   space 34816K, 0% used [0x00000000f1780000,0x00000000f1780000,0x00000000f3980000)
 ParOldGen       total 82944K, used 58810K [0x00000000c0000000, 0x00000000c5100000, 0x00000000eab00000)
  object space 82944K, 70% used [0x00000000c0000000,0x00000000c396eb98,0x00000000c5100000)
 Metaspace       used 6934K, capacity 7544K, committed 7680K, reserved 1060864K
  class space    used 645K, capacity 688K, committed 768K, reserved 1048576K
Event: 13.916 GC heap after
Heap after GC invocations=10 (full 1):
 PSYoungGen      total 145920K, used 16518K [0x00000000eab00000, 0x00000000f7a80000, 0x0000000100000000)
  eden space 111104K, 0% used [0x00000000eab00000,0x00000000eab00000,0x00000000f1780000)
  from space 34816K, 47% used [0x00000000f1780000,0x00000000f27a1a50,0x00000000f3980000)
  to   space 33792K, 0% used [0x00000000f5980000,0x00000000f5980000,0x00000000f7a80000)
 ParOldGen       total 82944K, used 62242K [0x00000000c0000000, 0x00000000c5100000, 0x00000000eab00000)
  object space 82944K, 75% used [0x00000000c0000000,0x00000000c3cc8b98,0x00000000c5100000)
 Metaspace       used 6934K, capacity 7544K, committed 7680K, reserved 1060864K
  class space    used 645K, capacity 688K, committed 768K, reserved 1048576K
}
Event: 13.916 GC heap before
{Heap before GC invocations=11 (full 2):
 PSYoungGen      total 145920K, used 16518K [0x00000000eab00000, 0x00000000f7a80000, 0x0000000100000000)
  eden space 111104K, 0% used [0x00000000eab00000,0x00000000eab00000,0x00000000f1780000)
  from space 34816K, 47% used [0x00000000f1780000,0x00000000f27a1a50,0x00000000f3980000)
  to   space 33792K, 0% used [0x00000000f5980000,0x00000000f5980000,0x00000000f7a80000)
 ParOldGen       total 82944K, used 62242K [0x00000000c0000000, 0x00000000c5100000, 0x00000000eab00000)
  object space 82944K, 75% used [0x00000000c0000000,0x00000000c3cc8b98,0x00000000c5100000)
 Metaspace       used 6934K, capacity 7544K, committed 7680K, reserved 1060864K
  class space    used 645K, capacity 688K, committed 768K, reserved 1048576K

