# JRE version: Java(TM) SE Runtime Environment (8.0_92-b14) (build 1.8.0_92-b14)
# Java VM: Java HotSpot(TM) 64-Bit Server VM (25.92-b14 mixed mode windows-amd64 compressed oops)
Heap:
 PSYoungGen      total 68096K, used 12497K [0x00000000eab00000, 0x00000000f1a80000, 0x0000000100000000)
  eden space 52224K, 23% used [0x00000000eab00000,0x00000000eb734540,0x00000000ede00000)
  from space 15872K, 0% used [0x00000000ede00000,0x00000000ede00000,0x00000000eed80000)
  to   space 18944K, 0% used [0x00000000f0800000,0x00000000f0800000,0x00000000f1a80000)
 ParOldGen       total 92160K, used 47398K [0x00000000c0000000, 0x00000000c5a00000, 0x00000000eab00000)
  object space 92160K, 51% used [0x00000000c0000000,0x00000000c2e498a0,0x00000000c5a00000)
 Metaspace       used 6919K, capacity 7608K, committed 7936K, reserved 1058816K
  class space    used 646K, capacity 688K, committed 768K, reserved 1048576K
GC Heap History (10 events):
Event: 9.329 GC heap before
{Heap before GC invocations=7 (full 1):
 PSYoungGen      total 54784K, used 2554K [0x00000000eab00000, 0x00000000f4a00000, 0x0000000100000000)
  eden space 52224K, 0% used [0x00000000eab00000,0x00000000eab00000,0x00000000ede00000)
  from space 2560K, 99% used [0x00000000eed80000,0x00000000eeffe928,0x00000000ef000000)
  to   space 15872K, 0% used [0x00000000ede00000,0x00000000ede00000,0x00000000eed80000)
 ParOldGen       total 44032K, used 33709K [0x00000000c0000000, 0x00000000c2b00000, 0x00000000eab00000)
  object space 44032K, 76% used [0x00000000c0000000,0x00000000c20eb468,0x00000000c2b00000)
 Metaspace       used 6543K, capacity 7256K, committed 7424K, reserved 1056768K
  class space    used 626K, capacity 656K, committed 768K, reserved 1048576K
Event: 9.593 GC heap after
Heap after GC invocations=7 (full 1):
 PSYoungGen      total 54784K, used 0K [0x00000000eab00000, 0x00000000f4a00000, 0x0000000100000000)
  eden space 52224K, 0% used [0x00000000eab00000,0x00000000eab00000,0x00000000ede00000)
  from space 2560K, 0% used [0x00000000eed80000,0x00000000eed80000,0x00000000ef000000)
  to   space 15872K, 0% used [0x00000000ede00000,0x00000000ede00000,0x00000000eed80000)
 ParOldGen       total 67584K, used 33545K [0x00000000c0000000, 0x00000000c4200000, 0x00000000eab00000)
  object space 67584K, 49% used [0x00000000c0000000,0x00000000c20c2688,0x00000000c4200000)
 Metaspace       used 6543K, capacity 7256K, committed 7424K, reserved 1056768K
  class space    used 626K, capacity 656K, committed 768K, reserved 1048576K
}
Event: 10.706 GC heap before
{Heap before GC invocations=8 (full 1):
 PSYoungGen      total 54784K, used 52224K [0x00000000eab00000, 0x00000000f4a00000, 0x0000000100000000)
  eden space 52224K, 100% used [0x00000000eab00000,0x00000000ede00000,0x00000000ede00000)
  from space 2560K, 0% used [0x00000000eed80000,0x00000000eed80000,0x00000000ef000000)
  to   space 15872K, 0% used [0x00000000ede00000,0x00000000ede00000,0x00000000eed80000)
 ParOldGen       total 67584K, used 33545K [0x00000000c0000000, 0x00000000c4200000, 0x00000000eab00000)
  object space 67584K, 49% used [0x00000000c0000000,0x00000000c20c2688,0x00000000c4200000)
 Metaspace       used 6550K, capacity 7256K, committed 7424K, reserved 1056768K
  class space    used 626K, capacity 656K, committed 768K, reserved 1048576K
Event: 10.983 GC heap after
Heap after GC invocations=8 (full 1):
 PSYoungGen      total 68096K, used 7387K [0x00000000eab00000, 0x00000000f2380000, 0x0000000100000000)
  eden space 52224K, 0% used [0x00000000eab00000,0x00000000eab00000,0x00000000ede00000)
  from space 15872K, 46% used [0x00000000ede00000,0x00000000ee536df0,0x00000000eed80000)
  to   space 14848K, 0% used [0x00000000f1500000,0x00000000f1500000,0x00000000f2380000)
 ParOldGen       total 67584K, used 33545K [0x00000000c0000000, 0x00000000c4200000, 0x00000000eab00000)
  object space 67584K, 49% used [0x00000000c0000000,0x00000000c20c2688,0x00000000c4200000)
 Metaspace       used 6550K, capacity 7256K, committed 7424K, reserved 1056768K
  class space    used 626K, capacity 656K, committed 768K, reserved 1048576K
}
Event: 11.528 GC heap before
{Heap before GC invocations=9 (full 1):
 PSYoungGen      total 68096K, used 59611K [0x00000000eab00000, 0x00000000f2380000, 0x0000000100000000)
  eden space 52224K, 100% used [0x00000000eab00000,0x00000000ede00000,0x00000000ede00000)
  from space 15872K, 46% used [0x00000000ede00000,0x00000000ee536df0,0x00000000eed80000)
  to   space 14848K, 0% used [0x00000000f1500000,0x00000000f1500000,0x00000000f2380000)
 ParOldGen       total 67584K, used 33545K [0x00000000c0000000, 0x00000000c4200000, 0x00000000eab00000)
  object space 67584K, 49% used [0x00000000c0000000,0x00000000c20c2688,0x00000000c4200000)
 Metaspace       used 6562K, capacity 7256K, committed 7424K, reserved 1056768K
  class space    used 628K, capacity 656K, committed 768K, reserved 1048576K
Event: 11.541 GC heap after
Heap after GC invocations=9 (full 1):
 PSYoungGen      total 67072K, used 14817K [0x00000000eab00000, 0x00000000f2380000, 0x0000000100000000)
  eden space 52224K, 0% used [0x00000000eab00000,0x00000000eab00000,0x00000000ede00000)
  from space 14848K, 99% used [0x00000000f1500000,0x00000000f2378758,0x00000000f2380000)
  to   space 15872K, 0% used [0x00000000ede00000,0x00000000ede00000,0x00000000eed80000)
 ParOldGen       total 67584K, used 33761K [0x00000000c0000000, 0x00000000c4200000, 0x00000000eab00000)
  object space 67584K, 49% used [0x00000000c0000000,0x00000000c20f84e0,0x00000000c4200000)
 Metaspace       used 6562K, capacity 7256K, committed 7424K, reserved 1056768K
  class space    used 628K, capacity 656K, committed 768K, reserved 1048576K
}
Event: 11.739 GC heap before
{Heap before GC invocations=10 (full 1):
 PSYoungGen      total 67072K, used 19980K [0x00000000eab00000, 0x00000000f2380000, 0x0000000100000000)
  eden space 52224K, 9% used [0x00000000eab00000,0x00000000eb00aaa0,0x00000000ede00000)
  from space 14848K, 99% used [0x00000000f1500000,0x00000000f2378758,0x00000000f2380000)
  to   space 15872K, 0% used [0x00000000ede00000,0x00000000ede00000,0x00000000eed80000)
 ParOldGen       total 67584K, used 33761K [0x00000000c0000000, 0x00000000c4200000, 0x00000000eab00000)
  object space 67584K, 49% used [0x00000000c0000000,0x00000000c20f84e0,0x00000000c4200000)
 Metaspace       used 6637K, capacity 7256K, committed 7424K, reserved 1060864K
  class space    used 632K, capacity 656K, committed 768K, reserved 1048576K
Event: 11.756 GC heap after
Heap after GC invocations=10 (full 1):
 PSYoungGen      total 68096K, used 15250K [0x00000000eab00000, 0x00000000f1a80000, 0x0000000100000000)
  eden space 52224K, 0% used [0x00000000eab00000,0x00000000eab00000,0x00000000ede00000)
  from space 15872K, 96% used [0x00000000ede00000,0x00000000eece4830,0x00000000eed80000)
  to   space 18944K, 0% used [0x00000000f0800000,0x00000000f0800000,0x00000000f1a80000)
 ParOldGen       total 67584K, used 33761K [0x00000000c0000000, 0x00000000c4200000, 0x00000000eab00000)
  object space 67584K, 49% used [0x00000000c0000000,0x00000000c20f84e0,0x00000000c4200000)
 Metaspace       used 6637K, capacity 7256K, committed 7424K, reserved 1060864K
  class space    used 632K, capacity 656K, committed 768K, reserved 1048576K
}
Event: 11.756 GC heap before
{Heap before GC invocations=11 (full 2):
 PSYoungGen      total 68096K, used 15250K [0x00000000eab00000, 0x00000000f1a80000, 0x0000000100000000)
  eden space 52224K, 0% used [0x00000000eab00000,0x00000000eab00000,0x00000000ede00000)
  from space 15872K, 96% used [0x00000000ede00000,0x00000000eece4830,0x00000000eed80000)
  to   space 18944K, 0% used [0x00000000f0800000,0x00000000f0800000,0x00000000f1a80000)
 ParOldGen       total 67584K, used 33761K [0x00000000c0000000, 0x00000000c4200000, 0x00000000eab00000)
  object space 67584K, 49% used [0x00000000c0000000,0x00000000c20f84e0,0x00000000c4200000)
 Metaspace       used 6637K, capacity 7256K, committed 7424K, reserved 1060864K
  class space    used 632K, capacity 656K, committed 768K, reserved 1048576K
Event: 12.165 GC heap after
Heap after GC invocations=11 (full 2):
 PSYoungGen      total 68096K, used 0K [0x00000000eab00000, 0x00000000f1a80000, 0x0000000100000000)
  eden space 52224K, 0% used [0x00000000eab00000,0x00000000eab00000,0x00000000ede00000)
  from space 15872K, 0% used [0x00000000ede00000,0x00000000ede00000,0x00000000eed80000)
  to   space 18944K, 0% used [0x00000000f0800000,0x00000000f0800000,0x00000000f1a80000)
 ParOldGen       total 92160K, used 47398K [0x00000000c0000000, 0x00000000c5a00000, 0x00000000eab00000)
  object space 92160K, 51% used [0x00000000c0000000,0x00000000c2e498a0,0x00000000c5a00000)
 Metaspace       used 6637K, capacity 7256K, committed 7424K, reserved 1058816K
  class space    used 632K, capacity 656K, committed 768K, reserved 1048576K
}

